2026-07-09 12:16:04,452 [DEBUG] asyncio: Using proactor: IocpProactor
2026-07-09 12:16:04,481 [INFO] disease_pipeline.adapters.normalize: Resolving identifiers via API for 'Autoimmune Gastritis'
2026-07-09 12:16:06,591 [WARNING] disease_pipeline.adapters.normalize: OxO crossmap failed for MONDO_0031014: Expecting value: line 1 column 1 (char 0)
2026-07-09 12:16:06,749 [WARNING] disease_pipeline.adapters.normalize: Missing identifiers for 'autoimmune gastritis': efo_id, umls_cui, mesh_id, omim_id
2026-07-09 12:16:06,754 [INFO] disease_pipeline.adapters.molecular: [DisGeNET] autoimmune gastritis \u2192 0 genes
2026-07-09 12:16:07,038 [INFO] disease_pipeline.adapters.molecular: [Open Targets] autoimmune gastritis \u2192 100 genes
2026-07-09 12:16:07,122 [INFO] disease_pipeline.adapters.clinical: [ClinicalTrials] autoimmune gastritis \u2192 0 endpoint alterations
2026-07-09 12:16:07,278 [INFO] disease_pipeline.adapters.clinical: [HPO] OMIM:None \u2192 0 phenotypes
2026-07-09 12:16:09,836 [INFO] disease_pipeline.adapters.drugs_direct: [Open Targets drugs] autoimmune gastritis \u2192 0
2026-07-09 12:16:12,981 [INFO] disease_pipeline.adapters.drugs_via_target: [via-biomarker] autoimmune gastritis \u2192 420 drugs from 10 genes
2026-07-09 12:16:14,609 [DEBUG] disease_pipeline.adapters.clinical_evidence: PubMed search failed: 429, message='Too Many Requests', url='https://eutils.ncbi.nlm.nih.gov/entrez/eutils/esearch.fcgi?db=pubmed&term=%22CISPLATIN%22%5BTitle/Abstract%5D+AND+%22autoimmune+gastritis%22%5BTitle/Abstract%5D+AND+(Cochrane+Database+Syst+Rev%5BJournal%5D+OR+cochrane%5BTitle/Abstract%5D)&retmode=json&retmax=5'
2026-07-09 12:16:16,268 [INFO] disease_pipeline.adapters.clinical_evidence: [Evidence] autoimmune gastritis + ZINC SULFATE ANHYDROUS \u2192 0 trials, 0 literature hits
2026-07-09 12:16:17,698 [INFO] disease_pipeline.adapters.clinical_evidence: [Evidence] autoimmune gastritis + CISPLATIN \u2192 0 trials, 0 literature hits
2026-07-09 12:16:18,010 [DEBUG] disease_pipeline.adapters.clinical_evidence: PubMed search failed: 429, message='Too Many Requests', url='https://eutils.ncbi.nlm.nih.gov/entrez/eutils/esearch.fcgi?db=pubmed&term=%22ZINC+CHLORIDE%22%5BTitle/Abstract%5D+AND+%22autoimmune+gastritis%22%5BTitle/Abstract%5D+AND+%22meta-analysis%22%5BPublication+Type%5D&retmode=json&retmax=5'
2026-07-09 12:16:20,795 [INFO] disease_pipeline.adapters.clinical_evidence: [Evidence] autoimmune gastritis + ZINC CHLORIDE \u2192 0 trials, 0 literature hits
2026-07-09 12:16:22,425 [INFO] disease_pipeline.adapters.clinical_evidence: [Evidence] autoimmune gastritis + COLCHICINE \u2192 0 trials, 0 literature hits
2026-07-09 12:16:22,743 [DEBUG] disease_pipeline.adapters.clinical_evidence: PubMed search failed: 429, message='Too Many Requests', url='https://eutils.ncbi.nlm.nih.gov/entrez/eutils/esearch.fcgi?db=pubmed&term=%22DICLOFENAC+SODIUM%22%5BTitle/Abstract%5D+AND+%22autoimmune+gastritis%22%5BTitle/Abstract%5D+AND+%22clinical+trial%22%5BPublication+Type%5D&retmode=json&retmax=5'
2026-07-09 12:16:24,138 [INFO] disease_pipeline.adapters.clinical_evidence: [Evidence] autoimmune gastritis + DICLOFENAC SODIUM \u2192 0 trials, 0 literature hits
2026-07-09 12:16:26,499 [INFO] disease_pipeline.adapters.clinical_evidence: [Evidence] autoimmune gastritis + NALOXONE HYDROCHLORIDE \u2192 0 trials, 0 literature hits
2026-07-09 12:16:28,255 [INFO] disease_pipeline.adapters.clinical_evidence: [Evidence] autoimmune gastritis + GENTAMICIN \u2192 0 trials, 0 literature hits
2026-07-09 12:16:29,549 [DEBUG] disease_pipeline.adapters.clinical_evidence: PubMed search failed: 429, message='Too Many Requests', url='https://eutils.ncbi.nlm.nih.gov/entrez/eutils/esearch.fcgi?db=pubmed&term=%22HALOPERIDOL+DECANOATE%22%5BTitle/Abstract%5D+AND+%22autoimmune+gastritis%22%5BTitle/Abstract%5D+AND+%22meta-analysis%22%5BPublication+Type%5D&retmode=json&retmax=5'
2026-07-09 12:16:30,735 [INFO] disease_pipeline.adapters.clinical_evidence: [Evidence] autoimmune gastritis + CYCLOSPORINE \u2192 0 trials, 0 literature hits
2026-07-09 12:16:30,906 [DEBUG] disease_pipeline.adapters.clinical_evidence: PubMed search failed: 429, message='Too Many Requests', url='https://eutils.ncbi.nlm.nih.gov/entrez/eutils/esearch.fcgi?db=pubmed&term=%22HALOPERIDOL+DECANOATE%22%5BTitle/Abstract%5D+AND+%22autoimmune+gastritis%22%5BTitle/Abstract%5D+AND+%22clinical+trial%22%5BPublication+Type%5D&retmode=json&retmax=5'
2026-07-09 12:16:32,320 [INFO] disease_pipeline.adapters.clinical_evidence: [Evidence] autoimmune gastritis + HALOPERIDOL DECANOATE \u2192 0 trials, 0 literature hits
2026-07-09 12:16:34,648 [INFO] disease_pipeline.adapters.clinical_evidence: [Evidence] autoimmune gastritis + CEFADROXIL ANHYDROUS \u2192 0 trials, 0 literature hits
2026-07-09 12:16:36,423 [INFO] disease_pipeline.adapters.clinical_evidence: [Evidence] autoimmune gastritis + FLUCONAZOLE \u2192 0 trials, 0 literature hits
2026-07-09 12:16:36,698 [DEBUG] disease_pipeline.adapters.clinical_evidence: PubMed search failed: 429, message='Too Many Requests', url='https://eutils.ncbi.nlm.nih.gov/entrez/eutils/esearch.fcgi?db=pubmed&term=%22WARFARIN%22%5BTitle/Abstract%5D+AND+%22autoimmune+gastritis%22%5BTitle/Abstract%5D+AND+%22systematic+review%22%5BPublication+Type%5D&retmode=json&retmax=5'
2026-07-09 12:16:38,059 [DEBUG] disease_pipeline.adapters.clinical_evidence: PubMed search failed: 429, message='Too Many Requests', url='https://eutils.ncbi.nlm.nih.gov/entrez/eutils/esearch.fcgi?db=pubmed&term=%22WARFARIN%22%5BTitle/Abstract%5D+AND+%22autoimmune+gastritis%22%5BTitle/Abstract%5D+AND+%22randomized+controlled+trial%22%5BPublication+Type%5D&retmode=json&retmax=5'
2026-07-09 12:16:38,843 [INFO] disease_pipeline.adapters.clinical_evidence: [Evidence] autoimmune gastritis + WARFARIN \u2192 0 trials, 0 literature hits
2026-07-09 12:16:40,453 [INFO] disease_pipeline.adapters.clinical_evidence: [Evidence] autoimmune gastritis + OLMESARTAN MEDOXOMIL \u2192 0 trials, 0 literature hits
2026-07-09 12:16:41,812 [DEBUG] disease_pipeline.adapters.clinical_evidence: PubMed search failed: 429, message='Too Many Requests', url='https://eutils.ncbi.nlm.nih.gov/entrez/eutils/esearch.fcgi?db=pubmed&term=%22DIAZEPAM%22%5BTitle/Abstract%5D+AND+%22autoimmune+gastritis%22%5BTitle/Abstract%5D+AND+%22meta-analysis%22%5BPublication+Type%5D&retmode=json&retmax=5'
2026-07-09 12:16:42,918 [INFO] disease_pipeline.adapters.clinical_evidence: [Evidence] autoimmune gastritis + NAPROXEN SODIUM \u2192 0 trials, 0 literature hits
2026-07-09 12:16:44,540 [INFO] disease_pipeline.adapters.clinical_evidence: [Evidence] autoimmune gastritis + DIAZEPAM \u2192 0 trials, 0 literature hits
2026-07-09 12:16:47,254 [INFO] disease_pipeline.adapters.clinical_evidence: [Evidence] autoimmune gastritis + PHENYLBUTAZONE \u2192 0 trials, 0 literature hits
2026-07-09 12:16:48,371 [INFO] disease_pipeline.adapters.clinical_evidence: [Evidence] autoimmune gastritis + BISMUTH \u2192 0 trials, 0 literature hits
2026-07-09 12:16:51,410 [INFO] disease_pipeline.adapters.clinical_evidence: [Evidence] autoimmune gastritis + GADOFOSVESET TRISODIUM \u2192 0 trials, 0 literature hits
2026-07-09 12:16:51,684 [DEBUG] disease_pipeline.adapters.clinical_evidence: PubMed search failed: 429, message='Too Many Requests', url='https://eutils.ncbi.nlm.nih.gov/entrez/eutils/esearch.fcgi?db=pubmed&term=%22ALBUMIN+HUMAN-KJDA%22%5BTitle/Abstract%5D+AND+%22autoimmune+gastritis%22%5BTitle/Abstract%5D+AND+%22randomized+controlled+trial%22%5BPublication+Type%5D&retmode=json&retmax=5'
2026-07-09 12:16:52,439 [INFO] disease_pipeline.adapters.clinical_evidence: [Evidence] autoimmune gastritis + ALBUMIN HUMAN-KJDA \u2192 0 trials, 0 literature hits
2026-07-09 12:16:54,426 [DEBUG] disease_pipeline.adapters.clinical_evidence: PubMed search failed: 429, message='Too Many Requests', url='https://eutils.ncbi.nlm.nih.gov/entrez/eutils/esearch.fcgi?db=pubmed&term=%22GADOBENATE+DIMEGLUMINE%22%5BTitle/Abstract%5D+AND+%22autoimmune+gastritis%22%5BTitle/Abstract%5D+AND+%22systematic+review%22%5BPublication+Type%5D&retmode=json&retmax=5'
2026-07-09 12:16:55,533 [INFO] disease_pipeline.adapters.clinical_evidence: [Evidence] autoimmune gastritis + EPIGALLOCATECHIN GALLATE \u2192 0 trials, 0 literature hits
2026-07-09 12:16:56,140 [DEBUG] disease_pipeline.adapters.clinical_evidence: PubMed search failed: 429, message='Too Many Requests', url='https://eutils.ncbi.nlm.nih.gov/entrez/eutils/esearch.fcgi?db=pubmed&term=%22SODIUM+DODECYL+SULFATE%22%5BTitle/Abstract%5D+AND+%22autoimmune+gastritis%22%5BTitle/Abstract%5D+AND+(Cochrane+Database+Syst+Rev%5BJournal%5D+OR+cochrane%5BTitle/Abstract%5D)&retmode=json&retmax=5'
2026-07-09 12:16:56,602 [INFO] disease_pipeline.adapters.clinical_evidence: [Evidence] autoimmune gastritis + GADOBENATE DIMEGLUMINE \u2192 0 trials, 0 literature hits
2026-07-09 12:16:58,194 [DEBUG] disease_pipeline.adapters.clinical_evidence: PubMed search failed: 429, message='Too Many Requests', url='https://eutils.ncbi.nlm.nih.gov/entrez/eutils/esearch.fcgi?db=pubmed&term=%22LANSOPRAZOLE%22%5BTitle/Abstract%5D+AND+%22autoimmune+gastritis%22%5BTitle/Abstract%5D+AND+%22systematic+review%22%5BPublication+Type%5D&retmode=json&retmax=5'
2026-07-09 12:16:59,990 [INFO] disease_pipeline.adapters.clinical_evidence: [Evidence] autoimmune gastritis + SODIUM DODECYL SULFATE \u2192 0 trials, 0 literature hits
2026-07-09 12:17:00,694 [INFO] disease_pipeline.adapters.clinical_evidence: [Evidence] autoimmune gastritis + LANSOPRAZOLE \u2192 0 trials, 0 literature hits
2026-07-09 12:17:03,406 [INFO] disease_pipeline.adapters.clinical_evidence: [Evidence] autoimmune gastritis + ESOMEPRAZOLE SODIUM \u2192 0 trials, 0 literature hits
2026-07-09 12:17:04,984 [INFO] disease_pipeline.adapters.clinical_evidence: [Evidence] autoimmune gastritis + VONOPRAZAN FUMARATE \u2192 0 trials, 0 literature hits
2026-07-09 12:17:05,008 [INFO] disease_pipeline.pipeline: Done 'autoimmune gastritis' phase=6: 100 alterations, 109 therapeutics (60.5s)
2026-07-09 12:17:05,093 [INFO] disease_pipeline.main: Wrote web JSON C:\Users\matth\OneDrive\Documents\OpenSourceMed\Opensource Medicine (1)\research-tracker\data\disease-intelligence\autoimmune-gastritis.json
2026-07-09 12:17:05,292 [INFO] disease_pipeline.main: Wrote HTML C:\Users\matth\OneDrive\Documents\OpenSourceMed\Opensource Medicine (1)\research-tracker\disease-intelligence\autoimmune-gastritis.html
2026-07-09 12:28:51,447 [DEBUG] asyncio: Using proactor: IocpProactor
2026-07-09 12:28:51,495 [INFO] disease_pipeline.pipeline: Cache hit for 'Autoimmune Gastritis'
2026-07-09 12:28:51,559 [INFO] disease_pipeline.main: Wrote web JSON C:\Users\matth\OneDrive\Documents\OpenSourceMed\Opensource Medicine (1)\research-tracker\data\disease-intelligence\autoimmune-gastritis.json
2026-07-09 12:28:51,618 [INFO] disease_pipeline.main: Wrote HTML C:\Users\matth\OneDrive\Documents\OpenSourceMed\Opensource Medicine (1)\research-tracker\disease-intelligence\autoimmune-gastritis.html
